<?xml version="1.0" encoding="UTF-8"?>
<!-- Generated by org.testng.reporters.JUnitReportReporter -->
<testsuite skipped="0" hostname="DESKTOP-A13PPTI" name="com.training.sanity.tests.UNF_036" tests="1" failures="0" timestamp="05 Nov 2019 11:11:59 GMT" time="36.867" errors="0">
  <testcase name="returnProduct" time="36.867" classname="com.training.sanity.tests.UNF_036"/>
</testsuite> <!-- com.training.sanity.tests.UNF_036 -->
