<?xml version="1.0" encoding="UTF-8"?>
<!-- Generated by org.testng.reporters.JUnitReportReporter -->
<testsuite skipped="0" hostname="DESKTOP-A13PPTI" name="com.training.sanity.tests.UFM_007_Error" tests="1" failures="0" timestamp="28 Oct 2019 12:04:51 GMT" time="121.674" errors="0">
  <testcase name="errorScenarioTest" time="121.674" classname="com.training.sanity.tests.UFM_007_Error"/>
</testsuite> <!-- com.training.sanity.tests.UFM_007_Error -->
