<?xml version="1.0" encoding="UTF-8"?>
<!-- Generated by org.testng.reporters.JUnitReportReporter -->
<testsuite skipped="0" hostname="DESKTOP-A13PPTI" name="com.training.sanity.tests.LoginForUser" tests="1" failures="0" timestamp="29 Oct 2019 05:32:53 GMT" time="20.753" errors="0">
  <testcase name="validLoginTest" time="20.753" classname="com.training.sanity.tests.LoginForUser"/>
</testsuite> <!-- com.training.sanity.tests.LoginForUser -->
