<?xml version="1.0" encoding="UTF-8"?>
<!-- Generated by org.testng.reporters.JUnitReportReporter -->
<testsuite skipped="0" hostname="DESKTOP-A13PPTI" name="com.training.sanity.tests.UNF_038" tests="1" failures="0" timestamp="06 Nov 2019 10:51:42 GMT" time="26.103" errors="0">
  <testcase name="AddCategory" time="26.103" classname="com.training.sanity.tests.UNF_038"/>
</testsuite> <!-- com.training.sanity.tests.UNF_038 -->
