<?xml version="1.0" encoding="UTF-8"?>
<!-- Generated by org.testng.reporters.JUnitReportReporter -->
<testsuite skipped="0" hostname="DESKTOP-A13PPTI" name="com.training.sanity.tests.UFM_006_ChangePwd" tests="1" failures="0" timestamp="29 Oct 2019 05:28:37 GMT" time="16.618" errors="0">
  <testcase name="changePassword" time="16.618" classname="com.training.sanity.tests.UFM_006_ChangePwd"/>
</testsuite> <!-- com.training.sanity.tests.UFM_006_ChangePwd -->
