<?xml version="1.0" encoding="UTF-8"?>
<!-- Generated by org.testng.reporters.JUnitReportReporter -->
<testsuite skipped="0" hostname="DESKTOP-A13PPTI" name="com.training.sanity.tests.UFM_010_Admin_Login" tests="1" failures="0" timestamp="28 Oct 2019 13:07:41 GMT" time="19.295" errors="0">
  <testcase name="validLoginTest" time="19.295" classname="com.training.sanity.tests.UFM_010_Admin_Login"/>
</testsuite> <!-- com.training.sanity.tests.UFM_010_Admin_Login -->
