<?xml version="1.0" encoding="UTF-8"?>
<!-- Generated by org.testng.reporters.JUnitReportReporter -->
<testsuite skipped="0" hostname="DESKTOP-A13PPTI" name="com.training.sanity.tests.UFM_006_Login" tests="1" failures="0" timestamp="28 Oct 2019 10:30:19 GMT" time="20.310" errors="0">
  <testcase name="validLoginTest" time="20.310" classname="com.training.sanity.tests.UFM_006_Login"/>
</testsuite> <!-- com.training.sanity.tests.UFM_006_Login -->
