<?xml version="1.0" encoding="UTF-8"?>
<!-- Generated by org.testng.reporters.JUnitReportReporter -->
<testsuite skipped="0" hostname="DESKTOP-A13PPTI" name="com.training.sanity.tests.UNF_037" tests="1" failures="0" timestamp="05 Nov 2019 14:46:32 GMT" time="35.500" errors="0">
  <testcase name="validLoginTest" time="35.500" classname="com.training.sanity.tests.UNF_037"/>
</testsuite> <!-- com.training.sanity.tests.UNF_037 -->
