<?xml version="1.0" encoding="UTF-8"?>
<!-- Generated by org.testng.reporters.JUnitReportReporter -->
<testsuite skipped="0" hostname="DESKTOP-A13PPTI" name="com.training.sanity.tests.UNF_040" tests="1" failures="0" timestamp="08 Nov 2019 11:11:56 GMT" time="22.397" errors="0">
  <testcase name="EditCategory" time="22.397" classname="com.training.sanity.tests.UNF_040"/>
</testsuite> <!-- com.training.sanity.tests.UNF_040 -->
