<?xml version="1.0" encoding="UTF-8"?>
<!-- Generated by org.testng.reporters.JUnitReportReporter -->
<testsuite skipped="0" hostname="DESKTOP-A13PPTI" name="com.training.sanity.tests.UFM_008_AddToCart" tests="1" failures="0" timestamp="28 Oct 2019 12:26:30 GMT" time="124.306" errors="0">
  <testcase name="addToCart" time="124.306" classname="com.training.sanity.tests.UFM_008_AddToCart"/>
</testsuite> <!-- com.training.sanity.tests.UFM_008_AddToCart -->
