<?xml version="1.0" encoding="UTF-8"?>
<!-- Generated by org.testng.reporters.JUnitReportReporter -->
<testsuite skipped="0" hostname="DESKTOP-A13PPTI" name="com.training.sanity.tests.UNF_069" tests="4" failures="0" timestamp="11 Nov 2019 10:10:02 GMT" time="84.755" errors="0">
  <testcase name="addMultipleProducts" time="20.720" classname="com.training.sanity.tests.UNF_069"/>
  <testcase name="addMultipleProducts" time="19.662" classname="com.training.sanity.tests.UNF_069"/>
  <testcase name="addMultipleProducts" time="22.990" classname="com.training.sanity.tests.UNF_069"/>
  <testcase name="addMultipleProducts" time="21.383" classname="com.training.sanity.tests.UNF_069"/>
</testsuite> <!-- com.training.sanity.tests.UNF_069 -->
