<?xml version="1.0" encoding="UTF-8"?>
<!-- Generated by org.testng.reporters.JUnitReportReporter -->
<testsuite skipped="0" hostname="DESKTOP-A13PPTI" name="com.training.sanity.tests.UNF_068" tests="4" failures="0" timestamp="11 Nov 2019 09:45:23 GMT" time="86.891" errors="0">
  <testcase name="addMultipleProducts" time="24.710" classname="com.training.sanity.tests.UNF_068"/>
  <testcase name="addMultipleProducts" time="19.464" classname="com.training.sanity.tests.UNF_068"/>
  <testcase name="addMultipleProducts" time="21.879" classname="com.training.sanity.tests.UNF_068"/>
  <testcase name="addMultipleProducts" time="20.838" classname="com.training.sanity.tests.UNF_068"/>
</testsuite> <!-- com.training.sanity.tests.UNF_068 -->
