<?xml version="1.0" encoding="UTF-8"?>
<!-- Generated by org.testng.reporters.JUnitReportReporter -->
<testsuite skipped="0" hostname="DESKTOP-A13PPTI" name="com.training.sanity.tests.UNF_039" tests="1" failures="0" timestamp="06 Nov 2019 09:53:32 GMT" time="21.962" errors="0">
  <testcase name="EditCategory" time="21.962" classname="com.training.sanity.tests.UNF_039"/>
</testsuite> <!-- com.training.sanity.tests.UNF_039 -->
